<?xml version="1.0" encoding="UTF-8"?>
<testng-results skipped="0" failed="0" ignored="0" total="6" passed="6">
  <reporter-output>
  </reporter-output>
  <suite name="AmazonTest" duration-ms="8499" started-at="2019-03-03T03:57:39Z" finished-at="2019-03-03T03:57:48Z">
    <groups>
    </groups>
    <test name="AmazonTest" duration-ms="8499" started-at="2019-03-03T03:57:39Z" finished-at="2019-03-03T03:57:48Z">
      <class name="com.automation.test.SQSTest">
        <test-method status="PASS" signature="setup()[pri:0, instance:com.automation.test.SQSTest@57536d79]" name="setup" is-config="true" duration-ms="1196" started-at="2019-03-03T03:57:39Z" finished-at="2019-03-03T03:57:41Z">
          <reporter-output>
          </reporter-output>
        </test-method> <!-- setup -->
        <test-method status="PASS" signature="testSingleMessage_send_receive()[pri:0, instance:com.automation.test.SQSTest@57536d79]" name="testSingleMessage_send_receive" duration-ms="22" started-at="2019-03-03T03:57:41Z" finished-at="2019-03-03T03:57:41Z">
          <reporter-output>
          </reporter-output>
        </test-method> <!-- testSingleMessage_send_receive -->
        <test-method status="PASS" signature="clearq()[pri:0, instance:com.automation.test.SQSTest@57536d79]" name="clearq" is-config="true" duration-ms="19" started-at="2019-03-03T03:57:41Z" finished-at="2019-03-03T03:57:41Z">
          <reporter-output>
          </reporter-output>
        </test-method> <!-- clearq -->
        <test-method status="PASS" signature="testSingleMessage_send_receive_delay()[pri:0, instance:com.automation.test.SQSTest@57536d79]" name="testSingleMessage_send_receive_delay" duration-ms="6033" started-at="2019-03-03T03:57:41Z" finished-at="2019-03-03T03:57:47Z">
          <reporter-output>
          </reporter-output>
        </test-method> <!-- testSingleMessage_send_receive_delay -->
        <test-method status="PASS" signature="clearq()[pri:0, instance:com.automation.test.SQSTest@57536d79]" name="clearq" is-config="true" duration-ms="16" started-at="2019-03-03T03:57:47Z" finished-at="2019-03-03T03:57:47Z">
          <reporter-output>
          </reporter-output>
        </test-method> <!-- clearq -->
        <test-method status="PASS" signature="testSingleMessage_send_receive_delay_without_wait()[pri:0, instance:com.automation.test.SQSTest@57536d79]" name="testSingleMessage_send_receive_delay_without_wait" duration-ms="17" started-at="2019-03-03T03:57:47Z" finished-at="2019-03-03T03:57:47Z">
          <reporter-output>
          </reporter-output>
        </test-method> <!-- testSingleMessage_send_receive_delay_without_wait -->
        <test-method status="PASS" signature="clearq()[pri:0, instance:com.automation.test.SQSTest@57536d79]" name="clearq" is-config="true" duration-ms="5" started-at="2019-03-03T03:57:47Z" finished-at="2019-03-03T03:57:47Z">
          <reporter-output>
          </reporter-output>
        </test-method> <!-- clearq -->
        <test-method status="PASS" signature="testSendBatchMessages()[pri:0, instance:com.automation.test.SQSTest@57536d79]" name="testSendBatchMessages" duration-ms="72" started-at="2019-03-03T03:57:47Z" finished-at="2019-03-03T03:57:47Z">
          <reporter-output>
          </reporter-output>
        </test-method> <!-- testSendBatchMessages -->
        <test-method status="PASS" signature="clearq()[pri:0, instance:com.automation.test.SQSTest@57536d79]" name="clearq" is-config="true" duration-ms="19" started-at="2019-03-03T03:57:47Z" finished-at="2019-03-03T03:57:47Z">
          <reporter-output>
          </reporter-output>
        </test-method> <!-- clearq -->
        <test-method status="PASS" signature="testSendMultipleMessages()[pri:0, instance:com.automation.test.SQSTest@57536d79]" name="testSendMultipleMessages" duration-ms="470" started-at="2019-03-03T03:57:47Z" finished-at="2019-03-03T03:57:47Z">
          <reporter-output>
          </reporter-output>
        </test-method> <!-- testSendMultipleMessages -->
        <test-method status="PASS" signature="clearq()[pri:0, instance:com.automation.test.SQSTest@57536d79]" name="clearq" is-config="true" duration-ms="13" started-at="2019-03-03T03:57:47Z" finished-at="2019-03-03T03:57:47Z">
          <reporter-output>
          </reporter-output>
        </test-method> <!-- clearq -->
        <test-method status="PASS" signature="multi_thread_connection_sending()[pri:0, instance:com.automation.test.SQSTest@57536d79]" name="multi_thread_connection_sending" duration-ms="568" started-at="2019-03-03T03:57:47Z" finished-at="2019-03-03T03:57:48Z">
          <reporter-output>
          </reporter-output>
        </test-method> <!-- multi_thread_connection_sending -->
        <test-method status="PASS" signature="clearq()[pri:0, instance:com.automation.test.SQSTest@57536d79]" name="clearq" is-config="true" duration-ms="18" started-at="2019-03-03T03:57:48Z" finished-at="2019-03-03T03:57:48Z">
          <reporter-output>
          </reporter-output>
        </test-method> <!-- clearq -->
        <test-method status="PASS" signature="cleanup()[pri:0, instance:com.automation.test.SQSTest@57536d79]" name="cleanup" is-config="true" duration-ms="6" started-at="2019-03-03T03:57:48Z" finished-at="2019-03-03T03:57:48Z">
          <reporter-output>
          </reporter-output>
        </test-method> <!-- cleanup -->
      </class> <!-- com.automation.test.SQSTest -->
    </test> <!-- AmazonTest -->
  </suite> <!-- AmazonTest -->
</testng-results>
